<?xml version="1.0" encoding="UTF-8"?>
<!-- Generated by org.testng.reporters.JUnitReportReporter -->
<testsuite hostname="DESKTOP-V64F2MR" failures="0" tests="2" name="testCases.TC001_AccountRegistrationTest" time="9.203" errors="0" timestamp="2025-02-24T19:15:41 UTC" skipped="0">
  <testcase classname="testCases.TC001_AccountRegistrationTest" name="verify_account_registration" time="4.896"/>
  <testcase classname="testCases.TC001_AccountRegistrationTest" name="verify_account_registration" time="4.307"/>
</testsuite> <!-- testCases.TC001_AccountRegistrationTest -->
